生成启动时间为 2016/4/15 19:28:41。
     1>项目“E:\C++\FaceRect_AutoPlus0415\FaceRect2\FaceRect2.vcxproj”在节点 2 上(Build 个目标)。
     1>ClCompile:
         D:\Program Files (x86)\Microsoft Visual Studio 12.0\VC\bin\CL.exe /c /Zi /nologo /W3 /WX- /sdl /O2 /Oi /Oy- /GL /D WIN32 /D NDEBUG /D _CONSOLE /D _LIB /D _UNICODE /D UNICODE /Gm- /EHsc /MT /GS /Gy /fp:precise /Zc:wchar_t /Zc:forScope /Fo"Release\\" /Fd"Release\vc120.pdb" /Gd /TP /analyze- /errorReport:prompt main.cpp
         main.cpp
     1>main.cpp(59): warning C4244: “初始化”: 从“float”转换到“int”，可能丢失数据
     1>main.cpp(60): warning C4244: “初始化”: 从“float”转换到“int”，可能丢失数据
     1>main.cpp(62): warning C4244: “初始化”: 从“double”转换到“int”，可能丢失数据
     1>main.cpp(63): warning C4244: “初始化”: 从“double”转换到“int”，可能丢失数据
     1>main.cpp(65): warning C4244: “初始化”: 从“double”转换到“float”，可能丢失数据
     1>main.cpp(66): warning C4244: “初始化”: 从“int”转换到“float”，可能丢失数据
     1>main.cpp(80): warning C4244: “参数”: 从“float”转换到“int”，可能丢失数据
     1>main.cpp(135): warning C4305: “参数”: 从“double”到“float”截断
     1>main.cpp(186): warning C4244: “参数”: 从“double”转换到“int”，可能丢失数据
     1>main.cpp(189): warning C4244: “参数”: 从“double”转换到“int”，可能丢失数据
     1>main.cpp(192): warning C4244: “参数”: 从“double”转换到“int”，可能丢失数据
     1>main.cpp(195): warning C4244: “参数”: 从“double”转换到“int”，可能丢失数据
     1>main.cpp(198): warning C4244: “参数”: 从“double”转换到“int”，可能丢失数据
     1>main.cpp(201): warning C4244: “参数”: 从“double”转换到“int”，可能丢失数据
     1>main.cpp(204): warning C4244: “参数”: 从“double”转换到“int”，可能丢失数据
     1>main.cpp(207): warning C4244: “参数”: 从“double”转换到“int”，可能丢失数据
     1>main.cpp(211): warning C4244: “参数”: 从“double”转换到“int”，可能丢失数据
     1>main.cpp(214): warning C4244: “参数”: 从“double”转换到“int”，可能丢失数据
     1>main.cpp(217): warning C4244: “参数”: 从“double”转换到“int”，可能丢失数据
     1>main.cpp(220): warning C4244: “参数”: 从“double”转换到“int”，可能丢失数据
     1>main.cpp(223): warning C4244: “参数”: 从“double”转换到“int”，可能丢失数据
     1>main.cpp(226): warning C4244: “参数”: 从“double”转换到“int”，可能丢失数据
     1>main.cpp(229): warning C4244: “参数”: 从“double”转换到“int”，可能丢失数据
     1>main.cpp(232): warning C4244: “参数”: 从“double”转换到“int”，可能丢失数据
     1>main.cpp(236): warning C4244: “参数”: 从“double”转换到“int”，可能丢失数据
     1>main.cpp(239): warning C4244: “参数”: 从“double”转换到“int”，可能丢失数据
     1>main.cpp(242): warning C4244: “参数”: 从“double”转换到“int”，可能丢失数据
     1>main.cpp(245): warning C4244: “参数”: 从“double”转换到“int”，可能丢失数据
     1>main.cpp(248): warning C4244: “参数”: 从“double”转换到“int”，可能丢失数据
     1>main.cpp(251): warning C4244: “参数”: 从“double”转换到“int”，可能丢失数据
     1>main.cpp(254): warning C4244: “参数”: 从“double”转换到“int”，可能丢失数据
     1>main.cpp(257): warning C4244: “参数”: 从“double”转换到“int”，可能丢失数据
       Link:
         D:\Program Files (x86)\Microsoft Visual Studio 12.0\VC\bin\link.exe /ERRORREPORT:PROMPT /OUT:"E:\C++\FaceRect_AutoPlus0415\Release\FaceRect2.exe" /INCREMENTAL:NO /NOLOGO opencv_ml249.lib opencv_calib3d249.lib opencv_contrib249.lib opencv_core249.lib opencv_features2d249.lib opencv_flann249.lib opencv_gpu249.lib opencv_highgui249.lib opencv_imgproc249.lib opencv_legacy249.lib opencv_objdetect249.lib opencv_ts249.lib opencv_video249.lib opencv_nonfree249.lib opencv_ocl249.lib opencv_photo249.lib opencv_stitching249.lib opencv_superres249.lib opencv_videostab249.lib kernel32.lib user32.lib gdi32.lib winspool.lib comdlg32.lib advapi32.lib shell32.lib ole32.lib oleaut32.lib uuid.lib odbc32.lib odbccp32.lib /MANIFEST /MANIFESTUAC:"level='asInvoker' uiAccess='false'" /manifest:embed /DEBUG /PDB:"E:\C++\FaceRect_AutoPlus0415\Release\FaceRect2.pdb" /SUBSYSTEM:CONSOLE /OPT:REF /OPT:ICF /LTCG /TLBID:1 /DYNAMICBASE /NXCOMPAT /IMPLIB:"E:\C++\FaceRect_AutoPlus0415\Release\FaceRect2.lib" /MACHINE:X86 /SAFESEH Release\face_x.obj
         Release\fern.obj
         Release\main.obj
         Release\regressor.obj
         Release\utils.obj
         正在生成代码
         已完成代码的生成
         FaceRect2.vcxproj -> E:\C++\FaceRect_AutoPlus0415\Release\FaceRect2.exe
     1>已完成生成项目“E:\C++\FaceRect_AutoPlus0415\FaceRect2\FaceRect2.vcxproj”(Build 个目标)的操作。

生成成功。

已用时间 00:00:02.89
