生成启动时间为 2016/4/15 16:26:43。
     1>项目“E:\C++\FaceRect_AutoPlus0415\FaceRect2\FaceRect2.vcxproj”在节点 2 上(Build 个目标)。
     1>ClCompile:
         D:\Program Files (x86)\Microsoft Visual Studio 12.0\VC\bin\CL.exe /c /ZI /nologo /W3 /WX- /sdl /Od /Oy- /D WIN32 /D _DEBUG /D _CONSOLE /D _LIB /D _UNICODE /D UNICODE /Gm /EHsc /RTC1 /MDd /GS /fp:precise /Zc:wchar_t /Zc:forScope /Fo"Debug\\" /Fd"Debug\vc120.pdb" /Gd /TP /analyze- /errorReport:prompt main.cpp
         main.cpp
     1>e:\c++\facerect_autoplus0415\facerect2\main.cpp(59): warning C4244: “初始化”: 从“float”转换到“int”，可能丢失数据
     1>e:\c++\facerect_autoplus0415\facerect2\main.cpp(60): warning C4244: “初始化”: 从“float”转换到“int”，可能丢失数据
     1>e:\c++\facerect_autoplus0415\facerect2\main.cpp(62): warning C4244: “初始化”: 从“double”转换到“int”，可能丢失数据
     1>e:\c++\facerect_autoplus0415\facerect2\main.cpp(63): warning C4244: “初始化”: 从“double”转换到“int”，可能丢失数据
     1>e:\c++\facerect_autoplus0415\facerect2\main.cpp(65): warning C4244: “初始化”: 从“double”转换到“float”，可能丢失数据
     1>e:\c++\facerect_autoplus0415\facerect2\main.cpp(66): warning C4244: “初始化”: 从“int”转换到“float”，可能丢失数据
     1>e:\c++\facerect_autoplus0415\facerect2\main.cpp(80): warning C4244: “参数”: 从“float”转换到“int”，可能丢失数据
     1>e:\c++\facerect_autoplus0415\facerect2\main.cpp(143): warning C4305: “参数”: 从“double”到“float”截断
       Link:
         D:\Program Files (x86)\Microsoft Visual Studio 12.0\VC\bin\link.exe /ERRORREPORT:PROMPT /OUT:"E:\C++\FaceRect_AutoPlus0415\Debug\FaceRect2.exe" /INCREMENTAL /NOLOGO opencv_ml249d.lib opencv_calib3d249d.lib opencv_contrib249d.lib opencv_core249d.lib opencv_features2d249d.lib opencv_flann249d.lib opencv_gpu249d.lib opencv_highgui249d.lib opencv_imgproc249d.lib opencv_legacy249d.lib opencv_objdetect249d.lib opencv_ts249d.lib opencv_video249d.lib opencv_nonfree249d.lib opencv_ocl249d.lib opencv_photo249d.lib opencv_stitching249d.lib opencv_superres249d.lib opencv_videostab249d.lib kernel32.lib user32.lib gdi32.lib winspool.lib comdlg32.lib advapi32.lib shell32.lib ole32.lib oleaut32.lib uuid.lib odbc32.lib odbccp32.lib /MANIFEST /MANIFESTUAC:"level='asInvoker' uiAccess='false'" /manifest:embed /DEBUG /PDB:"E:\C++\FaceRect_AutoPlus0415\Debug\FaceRect2.pdb" /SUBSYSTEM:CONSOLE /TLBID:1 /DYNAMICBASE /NXCOMPAT /IMPLIB:"E:\C++\FaceRect_AutoPlus0415\Debug\FaceRect2.lib" /MACHINE:X86 Debug\face_x.obj
         Debug\fern.obj
         Debug\main.obj
         Debug\regressor.obj
         Debug\utils.obj
         FaceRect2.vcxproj -> E:\C++\FaceRect_AutoPlus0415\Debug\FaceRect2.exe
     1>已完成生成项目“E:\C++\FaceRect_AutoPlus0415\FaceRect2\FaceRect2.vcxproj”(Build 个目标)的操作。

生成成功。

已用时间 00:00:02.07
